0 info it worked if it ends with ok
1 verbose cli [ 'node',
1 verbose cli   '/usr/local/bin/npm',
1 verbose cli   'install',
1 verbose cli   'node',
1 verbose cli   'curll',
1 verbose cli   '--save' ]
2 info using npm@1.4.28
3 info using node@v0.10.31
4 verbose node symlink /usr/local/bin/node
5 warn package.json spv224-homework03-http-express@1.0.0 No description
6 warn package.json spv224-homework03-http-express@1.0.0 No README data
7 verbose readDependencies using package.json deps
8 verbose cache add [ 'node', null ]
9 verbose cache add name=undefined spec="node" args=["node",null]
10 verbose parsed url { protocol: null,
10 verbose parsed url   slashes: null,
10 verbose parsed url   auth: null,
10 verbose parsed url   host: null,
10 verbose parsed url   port: null,
10 verbose parsed url   hostname: null,
10 verbose parsed url   hash: null,
10 verbose parsed url   search: null,
10 verbose parsed url   query: null,
10 verbose parsed url   pathname: 'node',
10 verbose parsed url   path: 'node',
10 verbose parsed url   href: 'node' }
11 verbose cache add [ 'curll', null ]
12 verbose cache add name=undefined spec="curll" args=["curll",null]
13 verbose parsed url { protocol: null,
13 verbose parsed url   slashes: null,
13 verbose parsed url   auth: null,
13 verbose parsed url   host: null,
13 verbose parsed url   port: null,
13 verbose parsed url   hostname: null,
13 verbose parsed url   hash: null,
13 verbose parsed url   search: null,
13 verbose parsed url   query: null,
13 verbose parsed url   pathname: 'curll',
13 verbose parsed url   path: 'curll',
13 verbose parsed url   href: 'curll' }
14 silly lockFile f8e966d1-node node
15 verbose lock node /Users/shawnvega/.npm/f8e966d1-node.lock
16 silly lockFile 8546241a-curll curll
17 verbose lock curll /Users/shawnvega/.npm/8546241a-curll.lock
18 silly lockFile 8546241a-curll curll
19 silly lockFile 8546241a-curll curll
20 silly lockFile f8e966d1-node node
21 silly lockFile f8e966d1-node node
22 verbose addNamed [ 'curll', '' ]
23 verbose addNamed [ null, '*' ]
24 silly lockFile b253d208-curll curll@
25 verbose lock curll@ /Users/shawnvega/.npm/b253d208-curll.lock
26 verbose addNamed [ 'node', '' ]
27 verbose addNamed [ null, '*' ]
28 silly lockFile bccd7aa1-node node@
29 verbose lock node@ /Users/shawnvega/.npm/bccd7aa1-node.lock
30 silly addNameRange { name: 'curll', range: '*', hasData: false }
31 silly addNameRange { name: 'node', range: '*', hasData: false }
32 verbose request where is /curll
33 verbose request registry https://registry.npmjs.org/
34 verbose request id 0c63cd3a0105cbb3
35 verbose url raw /curll
36 verbose url resolving [ 'https://registry.npmjs.org/', './curll' ]
37 verbose url resolved https://registry.npmjs.org/curll
38 verbose request where is https://registry.npmjs.org/curll
39 info trying registry request attempt 1 at 14:58:21
40 http GET https://registry.npmjs.org/curll
41 verbose request where is /node
42 verbose request registry https://registry.npmjs.org/
43 verbose url raw /node
44 verbose url resolving [ 'https://registry.npmjs.org/', './node' ]
45 verbose url resolved https://registry.npmjs.org/node
46 verbose request where is https://registry.npmjs.org/node
47 info trying registry request attempt 1 at 14:58:21
48 http GET https://registry.npmjs.org/node
49 http 404 https://registry.npmjs.org/curll
50 verbose headers { date: 'Wed, 08 Oct 2014 18:58:22 GMT',
50 verbose headers   server: 'CouchDB/1.5.0 (Erlang OTP/R16B03)',
50 verbose headers   'content-type': 'application/json',
50 verbose headers   'cache-control': 'max-age=0',
50 verbose headers   'content-length': '52',
50 verbose headers   'accept-ranges': 'bytes',
50 verbose headers   via: '1.1 varnish',
50 verbose headers   age: '0',
50 verbose headers   'x-served-by': 'cache-atl6232-ATL',
50 verbose headers   'x-cache': 'MISS',
50 verbose headers   'x-cache-hits': '0',
50 verbose headers   'x-timer': 'S1412794701.988136,VS0,VE26',
50 verbose headers   'keep-alive': 'timeout=10, max=50',
50 verbose headers   connection: 'Keep-Alive' }
51 silly registry.get cb [ 404,
51 silly registry.get   { date: 'Wed, 08 Oct 2014 18:58:22 GMT',
51 silly registry.get     server: 'CouchDB/1.5.0 (Erlang OTP/R16B03)',
51 silly registry.get     'content-type': 'application/json',
51 silly registry.get     'cache-control': 'max-age=0',
51 silly registry.get     'content-length': '52',
51 silly registry.get     'accept-ranges': 'bytes',
51 silly registry.get     via: '1.1 varnish',
51 silly registry.get     age: '0',
51 silly registry.get     'x-served-by': 'cache-atl6232-ATL',
51 silly registry.get     'x-cache': 'MISS',
51 silly registry.get     'x-cache-hits': '0',
51 silly registry.get     'x-timer': 'S1412794701.988136,VS0,VE26',
51 silly registry.get     'keep-alive': 'timeout=10, max=50',
51 silly registry.get     connection: 'Keep-Alive' } ]
52 silly lockFile b253d208-curll curll@
53 silly lockFile b253d208-curll curll@
54 http 200 https://registry.npmjs.org/node
55 silly registry.get cb [ 200,
55 silly registry.get   { date: 'Wed, 08 Oct 2014 18:58:22 GMT',
55 silly registry.get     server: 'CouchDB/1.5.0 (Erlang OTP/R16B03)',
55 silly registry.get     etag: '"2U3VAFXPNNTQHTWEPOB85FW7H"',
55 silly registry.get     'content-type': 'application/json',
55 silly registry.get     'cache-control': 'max-age=60',
55 silly registry.get     'content-length': '1003',
55 silly registry.get     'accept-ranges': 'bytes',
55 silly registry.get     via: '1.1 varnish',
55 silly registry.get     age: '2809',
55 silly registry.get     'x-served-by': 'cache-atl6229-ATL',
55 silly registry.get     'x-cache': 'MISS',
55 silly registry.get     'x-cache-hits': '0',
55 silly registry.get     'x-timer': 'S1412794701.996619,VS0,VE24',
55 silly registry.get     vary: 'Accept',
55 silly registry.get     'keep-alive': 'timeout=10, max=50',
55 silly registry.get     connection: 'Keep-Alive' } ]
56 silly addNameRange number 2 { name: 'node', range: '*', hasData: true }
57 silly addNameRange versions [ 'node', [ '0.0.0' ] ]
58 verbose addNamed [ 'node', '0.0.0' ]
59 verbose addNamed [ '0.0.0', '0.0.0' ]
60 silly lockFile c321b6ea-node-0-0-0 node@0.0.0
61 verbose lock node@0.0.0 /Users/shawnvega/.npm/c321b6ea-node-0-0-0.lock
62 warn deprecated node@0.0.0: To update or install node, go to http://nodejs.org/
63 silly lockFile 5a02160b-ry-npmjs-org-node-node-0-0-0-tgz https://registry.npmjs.org/node/-/node-0.0.0.tgz
64 verbose lock https://registry.npmjs.org/node/-/node-0.0.0.tgz /Users/shawnvega/.npm/5a02160b-ry-npmjs-org-node-node-0-0-0-tgz.lock
65 verbose addRemoteTarball [ 'https://registry.npmjs.org/node/-/node-0.0.0.tgz',
65 verbose addRemoteTarball   '288d62f90530c763eff8d4831ee7343ab3d60793' ]
66 info retry fetch attempt 1 at 14:58:22
67 verbose fetch to= /var/folders/jf/khtt7_vd5l59m4gbybsbncf40000gn/T/npm-43082-xzSNXJF-/registry.npmjs.org/node/-/node-0.0.0.tgz
68 http GET https://registry.npmjs.org/node/-/node-0.0.0.tgz
69 http 200 https://registry.npmjs.org/node/-/node-0.0.0.tgz
70 silly lockFile 5a02160b-ry-npmjs-org-node-node-0-0-0-tgz https://registry.npmjs.org/node/-/node-0.0.0.tgz
71 silly lockFile 5a02160b-ry-npmjs-org-node-node-0-0-0-tgz https://registry.npmjs.org/node/-/node-0.0.0.tgz
72 silly lockFile c321b6ea-node-0-0-0 node@0.0.0
73 silly lockFile c321b6ea-node-0-0-0 node@0.0.0
74 silly lockFile bccd7aa1-node node@
75 silly lockFile bccd7aa1-node node@
76 error 404 404 Not Found: curll
76 error 404
76 error 404 'curll' is not in the npm registry.
76 error 404 You should bug the author to publish it
76 error 404 It was specified as a dependency of 'spv224-homework03-http-express'
76 error 404
76 error 404 Note that you can also install from a
76 error 404 tarball, folder, or http url, or git url.
77 error System Darwin 13.4.0
78 error command "node" "/usr/local/bin/npm" "install" "node" "curll" "--save"
79 error cwd /Users/shawnvega/Desktop/spv224-homework03-http-express
80 error node -v v0.10.31
81 error npm -v 1.4.28
82 error code E404
83 verbose exit [ 1, true ]
